Performing C++ SOURCE FILE Test COMPILER_SUPPORTS_CXX11 failed with the following output:
Change Dir: /home/dmtsai/CentOSAndLinuxRecord/OpencvTest/build/CMakeFiles/CMakeTmp

Run Build Command:/usr/bin/gmake "cmTryCompileExec432153950/fast"
/usr/bin/gmake -f CMakeFiles/cmTryCompileExec432153950.dir/build.make CMakeFiles/cmTryCompileExec432153950.dir/build
gmake[1]: Entering directory `/home/dmtsai/CentOSAndLinuxRecord/OpencvTest/build/CMakeFiles/CMakeTmp'
/usr/bin/cmake -E cmake_progress_report /home/dmtsai/CentOSAndLinuxRecord/OpencvTest/build/CMakeFiles/CMakeTmp/CMakeFiles 1
Building CXX object CMakeFiles/cmTryCompileExec432153950.dir/src.cxx.o
/usr/bin/c++    -DCOMPILER_SUPPORTS_CXX11   -std = c++11 -o CMakeFiles/cmTryCompileExec432153950.dir/src.cxx.o -c /home/dmtsai/CentOSAndLinuxRecord/OpencvTest/build/CMakeFiles/CMakeTmp/src.cxx
c++: error: =: No such file or directory
c++: error: c++11: No such file or directory
c++: error: unrecognized command line option '-std'
gmake[1]: *** [CMakeFiles/cmTryCompileExec432153950.dir/src.cxx.o] Error 1
gmake[1]: Leaving directory `/home/dmtsai/CentOSAndLinuxRecord/OpencvTest/build/CMakeFiles/CMakeTmp'
gmake: *** [cmTryCompileExec432153950/fast] Error 2

Source file was:
int main() { return 0;}
Performing C++ SOURCE FILE Test COMPILER_SUPPORTS_CXX0X failed with the following output:
Change Dir: /home/dmtsai/CentOSAndLinuxRecord/OpencvTest/build/CMakeFiles/CMakeTmp

Run Build Command:/usr/bin/gmake "cmTryCompileExec2599017136/fast"
/usr/bin/gmake -f CMakeFiles/cmTryCompileExec2599017136.dir/build.make CMakeFiles/cmTryCompileExec2599017136.dir/build
gmake[1]: Entering directory `/home/dmtsai/CentOSAndLinuxRecord/OpencvTest/build/CMakeFiles/CMakeTmp'
/usr/bin/cmake -E cmake_progress_report /home/dmtsai/CentOSAndLinuxRecord/OpencvTest/build/CMakeFiles/CMakeTmp/CMakeFiles 1
Building CXX object CMakeFiles/cmTryCompileExec2599017136.dir/src.cxx.o
/usr/bin/c++    -DCOMPILER_SUPPORTS_CXX0X   -std = c++0x -o CMakeFiles/cmTryCompileExec2599017136.dir/src.cxx.o -c /home/dmtsai/CentOSAndLinuxRecord/OpencvTest/build/CMakeFiles/CMakeTmp/src.cxx
c++: error: =: No such file or directory
c++: error: c++0x: No such file or directory
c++: error: unrecognized command line option '-std'
gmake[1]: *** [CMakeFiles/cmTryCompileExec2599017136.dir/src.cxx.o] Error 1
gmake[1]: Leaving directory `/home/dmtsai/CentOSAndLinuxRecord/OpencvTest/build/CMakeFiles/CMakeTmp'
gmake: *** [cmTryCompileExec2599017136/fast] Error 2

Source file was:
int main() { return 0;}
